<?xml version="1.0" encoding="UTF-8"?>
<!-- Generated by org.testng.reporters.JUnitReportReporter -->
<testsuite hostname="Avinashs-Air.bbrouter" failures="0" tests="1" name="basicprograms.LaunchBrowser" time="5.402" errors="0" timestamp="2024-01-14T15:52:06 IST" skipped="0">
  <testcase classname="basicprograms.LaunchBrowser" name="lanchBrowser" time="5.402"/>
</testsuite> <!-- basicprograms.LaunchBrowser -->
