<?xml version="1.0" encoding="UTF-8"?>
<!-- Generated by org.testng.reporters.JUnitReportReporter -->
<testsuite hostname="Avinashs-Air.bbrouter" failures="0" tests="1" name="basicprograms.LaunchFireFoxBrowser" time="6.345" errors="0" timestamp="2024-01-14T15:53:11 IST" skipped="0">
  <testcase classname="basicprograms.LaunchFireFoxBrowser" name="lanchFireFoxBrowser" time="6.345"/>
</testsuite> <!-- basicprograms.LaunchFireFoxBrowser -->
