<?xml version="1.0" encoding="UTF-8"?>
<!-- Generated by org.testng.reporters.JUnitReportReporter -->
<testsuite hostname="Avinashs-Air.bbrouter" failures="0" tests="1" name="basicprograms.LaunchBrowser" time="187.633" errors="0" timestamp="2024-02-27T11:56:45 IST" skipped="0">
  <testcase classname="basicprograms.LaunchBrowser" name="lanchBrowser" time="187.633"/>
  <system-out/>
</testsuite> <!-- basicprograms.LaunchBrowser -->
