<?xml version="1.0" encoding="UTF-8"?>
<!-- Generated by org.testng.reporters.JUnitReportReporter -->
<testsuite hostname="Avinashs-Air.bbrouter" failures="0" tests="1" name="basicprograms.LaunchBrowser" time="4.805" errors="0" timestamp="2024-01-12T19:13:55 IST" skipped="0">
  <testcase classname="basicprograms.LaunchBrowser" name="lanchBrowser" time="4.805"/>
</testsuite> <!-- basicprograms.LaunchBrowser -->
