<?xml version="1.0" encoding="UTF-8"?>
<!-- Generated by org.testng.reporters.JUnitReportReporter -->
<testsuite hostname="Avinashs-Air.bbrouter" failures="0" tests="3" name="basicprograms.WebElementCommands" time="36.340" errors="0" timestamp="2024-01-14T18:27:30 IST" skipped="0">
  <testcase classname="basicprograms.WebElementCommands" name="clearTextBox" time="8.229"/>
  <system-out/>
  <testcase classname="basicprograms.WebElementCommands" name="EnterText" time="13.360"/>
  <system-out/>
  <testcase classname="basicprograms.WebElementCommands" name="ClickMethod" time="14.751"/>
  <system-out/>
</testsuite> <!-- basicprograms.WebElementCommands -->
