<?xml version="1.0" encoding="UTF-8"?>
<!-- Generated by org.testng.reporters.JUnitReportReporter -->
<testsuite hostname="Avinashs-Air.bbrouter" failures="0" tests="4" name="basicprograms.BrowserCommands" time="32.271" errors="0" timestamp="2024-01-14T17:02:13 IST" skipped="0">
  <testcase classname="basicprograms.BrowserCommands" name="getPageSource" time="9.219"/>
  <system-out/>
  <testcase classname="basicprograms.BrowserCommands" name="getCurrentUrl" time="7.855"/>
  <system-out/>
  <testcase classname="basicprograms.BrowserCommands" name="lanchFireFoxBrowser" time="7.700"/>
  <system-out/>
  <testcase classname="basicprograms.BrowserCommands" name="getTitle" time="7.497"/>
  <system-out/>
</testsuite> <!-- basicprograms.BrowserCommands -->
