<?xml version="1.0" encoding="UTF-8"?>
<!-- Generated by org.testng.reporters.JUnitReportReporter -->
<testsuite hostname="Avinashs-Air.bbrouter" failures="0" tests="1" name="basicprograms.WebElementCommands" time="14.602" errors="0" timestamp="2024-01-14T20:23:59 IST" skipped="0">
  <testcase classname="basicprograms.WebElementCommands" name="submitMethod" time="14.602"/>
  <system-out/>
</testsuite> <!-- basicprograms.WebElementCommands -->
