<?xml version="1.0" encoding="UTF-8"?>
<!-- Generated by org.testng.reporters.JUnitReportReporter -->
<testsuite hostname="Avinashs-Air.bbrouter" failures="0" tests="1" name="basicprograms.NavigationCommands" time="21.764" errors="0" timestamp="2024-01-14T17:39:48 IST" skipped="0">
  <testcase classname="basicprograms.NavigationCommands" name="navigateTo" time="21.764"/>
  <system-out/>
</testsuite> <!-- basicprograms.NavigationCommands -->
