<?xml version="1.0" encoding="UTF-8"?>
<!-- Generated by org.testng.reporters.JUnitReportReporter -->
<testsuite hostname="Avinashs-Air.bbrouter" failures="0" tests="2" name="basicprograms.WebElementCommands" time="14.301" errors="0" timestamp="2024-01-14T21:16:19 IST" skipped="0">
  <testcase classname="basicprograms.WebElementCommands" name="getCssValueMethod" time="7.367"/>
  <system-out/>
  <testcase classname="basicprograms.WebElementCommands" name="getAttributeMethod" time="6.934"/>
  <system-out/>
</testsuite> <!-- basicprograms.WebElementCommands -->
